Tue Jan 07 23:13:08 2025 UTC - Current process: ProjectZomboid32 -windowmode.exe
Tue Jan 07 23:13:08 2025 UTC - Module file name: C:\Program Files (x86)\Steam\GameOverlayRenderer.dll
Tue Jan 07 23:13:08 2025 UTC - GameID = 108600, OverlayGameID = 108600
Tue Jan 07 23:13:08 2025 UTC - System page size: 4096
Tue Jan 07 23:13:08 2025 UTC - Hooking SetCursorPos, GetCursorPos, ShowCursor, SetCursor, and GetCursor
Tue Jan 07 23:13:08 2025 UTC - Modules at GameOverlayRenderer.dll attach
Tue Jan 07 23:13:08 2025 UTC - 01: ProjectZomboid32 -windowmode.exe - (00330000 to 00419000)
Tue Jan 07 23:13:08 2025 UTC - 02: ntdll.dll - (77E00000 to 77FA4000)
Tue Jan 07 23:13:08 2025 UTC - 03: KERNEL32.DLL - (75C80000 to 75D70000)
Tue Jan 07 23:13:08 2025 UTC - 04: KERNELBASE.dll - (77720000 to 7795F000)
Tue Jan 07 23:13:08 2025 UTC - 05: USER32.dll - (77AD0000 to 77C6C000)
Tue Jan 07 23:13:08 2025 UTC - 06: win32u.dll - (77700000 to 77718000)
Tue Jan 07 23:13:08 2025 UTC - 07: GDI32.dll - (77AA0000 to 77AC3000)
Tue Jan 07 23:13:08 2025 UTC - 08: gdi32full.dll - (76990000 to 76A75000)
Tue Jan 07 23:13:08 2025 UTC - 09: msvcp_win.dll - (76220000 to 7629B000)
Tue Jan 07 23:13:08 2025 UTC - 10: ucrtbase.dll - (77980000 to 77AA0000)
Tue Jan 07 23:13:08 2025 UTC - 11: SHELL32.dll - (76BC0000 to 77199000)
Tue Jan 07 23:13:08 2025 UTC - 12: IMM32.DLL - (761F0000 to 76215000)
Tue Jan 07 23:13:08 2025 UTC - 13: shcore.dll - (76450000 to 764D7000)
Tue Jan 07 23:13:08 2025 UTC - 14: msvcrt.dll - (76650000 to 7670F000)
Tue Jan 07 23:13:08 2025 UTC - 15: combase.dll - (76710000 to 76990000)
Tue Jan 07 23:13:08 2025 UTC - 16: RPCRT4.dll - (771A0000 to 7725C000)
Tue Jan 07 23:13:08 2025 UTC - 17: jvm.dll - (64D00000 to 6522C000)
Tue Jan 07 23:13:08 2025 UTC - 18: ADVAPI32.dll - (77460000 to 774DE000)
Tue Jan 07 23:13:08 2025 UTC - 19: sechost.dll - (77C70000 to 77CE7000)
Tue Jan 07 23:13:08 2025 UTC - 20: bcrypt.dll - (77590000 to 775A9000)
Tue Jan 07 23:13:08 2025 UTC - 21: PSAPI.DLL - (774E0000 to 774E6000)
Tue Jan 07 23:13:08 2025 UTC - 22: WSOCK32.dll - (75C40000 to 75C48000)
Tue Jan 07 23:13:08 2025 UTC - 23: WINMM.dll - (745E0000 to 74608000)
Tue Jan 07 23:13:08 2025 UTC - 24: WS2_32.dll - (77260000 to 772C3000)
Tue Jan 07 23:13:08 2025 UTC - 25: VERSION.dll - (75770000 to 75778000)
Tue Jan 07 23:13:08 2025 UTC - 26: VCRUNTIME140.dll - (6DEC0000 to 6DED5000)
Tue Jan 07 23:13:08 2025 UTC - 27: jimage.dll - (64CF0000 to 64CF9000)
Tue Jan 07 23:13:08 2025 UTC - 28: DBGHELP.DLL - (74AB0000 to 74C38000)
Tue Jan 07 23:13:08 2025 UTC - 29: dbgcore.DLL - (64CC0000 to 64CEB000)
Tue Jan 07 23:13:08 2025 UTC - 30: bcryptPrimitives.dll - (77D90000 to 77DEF000)
Tue Jan 07 23:13:08 2025 UTC - 31: java.dll - (64C90000 to 64CB1000)
Tue Jan 07 23:13:08 2025 UTC - 32: kernel.appcore.dll - (74E60000 to 74E6F000)
Tue Jan 07 23:13:08 2025 UTC - 33: windows.storage.dll - (73FA0000 to 745B8000)
Tue Jan 07 23:13:08 2025 UTC - 34: Wldp.dll - (73F50000 to 73F75000)
Tue Jan 07 23:13:08 2025 UTC - 35: OLEAUT32.dll - (77CF0000 to 77D86000)
Tue Jan 07 23:13:08 2025 UTC - 36: shlwapi.dll - (775B0000 to 775F5000)
Tue Jan 07 23:13:08 2025 UTC - 37: profapi.dll - (73EC0000 to 73EDB000)
Tue Jan 07 23:13:08 2025 UTC - 38: net.dll - (64C70000 to 64C84000)
Tue Jan 07 23:13:08 2025 UTC - 39: WINHTTP.dll - (750E0000 to 751AB000)
Tue Jan 07 23:13:08 2025 UTC - 40: mswsock.dll - (75B10000 to 75B62000)
Tue Jan 07 23:13:08 2025 UTC - 41: nio.dll - (64C50000 to 64C62000)
Tue Jan 07 23:13:08 2025 UTC - 42: zip.dll - (64C30000 to 64C44000)
Tue Jan 07 23:13:08 2025 UTC - 43: steam_api.dll - (64BE0000 to 64C22000)
Tue Jan 07 23:13:08 2025 UTC - 44: OnlineFix.DLL - (643E0000 to 64BD2000)
Tue Jan 07 23:13:08 2025 UTC - 45: WLDAP32.dll - (762A0000 to 762FD000)
Tue Jan 07 23:13:08 2025 UTC - 46: steamclient.dll - (668F0000 to 67C31000)
Tue Jan 07 23:13:08 2025 UTC - 47: ole32.dll - (76A80000 to 76B63000)
Tue Jan 07 23:13:08 2025 UTC - 48: CRYPT32.dll - (77600000 to 776FE000)
Tue Jan 07 23:13:08 2025 UTC - 49: imagehlp.dll - (77960000 to 77979000)
Tue Jan 07 23:13:08 2025 UTC - 50: SETUPAPI.dll - (75D70000 to 761A8000)
Tue Jan 07 23:13:08 2025 UTC - 51: cfgmgr32.dll - (761B0000 to 761EB000)
Tue Jan 07 23:13:08 2025 UTC - 52: IPHLPAPI.DLL - (72770000 to 727A2000)
Tue Jan 07 23:13:08 2025 UTC - 53: tier0_s.dll - (6B970000 to 6BA09000)
Tue Jan 07 23:13:08 2025 UTC - 54: vstdlib_s.dll - (6B8E0000 to 6B968000)
Tue Jan 07 23:13:08 2025 UTC - 55: Secur32.dll - (6DEE0000 to 6DEEA000)
Tue Jan 07 23:13:08 2025 UTC - 56: SSPICLI.DLL - (74E70000 to 74E91000)
Tue Jan 07 23:13:08 2025 UTC - 57: CRYPTBASE.DLL - (73F10000 to 73F1A000)
Tue Jan 07 23:13:08 2025 UTC - 58: GameOverlayRenderer.dll - (64280000 to 643D2000)
Tue Jan 07 23:13:08 2025 UTC - 59: steam.dll - (64180000 to 64279000)
Tue Jan 07 23:13:08 2025 UTC - ----------------------------
Tue Jan 07 23:13:09 2025 UTC - Injecting to a child process...
Tue Jan 07 23:13:12 2025 UTC - Injecting to a child process...
Tue Jan 07 23:13:13 2025 UTC - Injecting to a child process...
Tue Jan 07 23:13:15 2025 UTC - Injecting to a child process...
Tue Jan 07 23:13:16 2025 UTC - Injecting to a child process...
Tue Jan 07 23:13:18 2025 UTC - Injecting to a child process...
Tue Jan 07 23:13:20 2025 UTC - Game is using dinput8, preparing to hook.
Tue Jan 07 23:13:20 2025 UTC - XInput Hooked XInputEnable Version 14
Tue Jan 07 23:13:20 2025 UTC - XInput Hooked XInputGetAudioDeviceIds Version 14
Tue Jan 07 23:13:20 2025 UTC - XInput Hooked XInputGetBatteryInformation Version 14
Tue Jan 07 23:13:20 2025 UTC - XInput Hooked XInputGetCapabilities Version 14
Tue Jan 07 23:13:20 2025 UTC - XInput Hooked XInputGetCapabilitiesEx Version 14
Tue Jan 07 23:13:20 2025 UTC - XInput Hooked XInputGetKeystroke Version 14
Tue Jan 07 23:13:20 2025 UTC - XInput Hooked XInputGetState Version 14
Tue Jan 07 23:13:20 2025 UTC - XInput Hooked XInputGetStateEx Version 14
Tue Jan 07 23:13:20 2025 UTC - XInput Hooked XInputSetState Version 14
Tue Jan 07 23:13:20 2025 UTC - Registering HWND 00160568 for device notifications
Tue Jan 07 23:13:20 2025 UTC - DirectInput8Create hook called, 586F8170
Tue Jan 07 23:13:20 2025 UTC - Game is using opengl32.dll... hooking.
Tue Jan 07 23:13:20 2025 UTC - Game is using opengl32.dll... hooking.
Tue Jan 07 23:13:20 2025 UTC - Initializing Audio...
Tue Jan 07 23:13:20 2025 UTC - IAudioClient_Initialize - SUCCEEDED
Tue Jan 07 23:13:20 2025 UTC - Audio client initialized: 0x587CABB0
Tue Jan 07 23:13:20 2025 UTC - Device:
Tue Jan 07 23:13:20 2025 UTC - Audio client mix format:
Tue Jan 07 23:13:20 2025 UTC - 	format: 65534
Tue Jan 07 23:13:20 2025 UTC - 	channels: 2
Tue Jan 07 23:13:20 2025 UTC - 	samples/sec: 48000
Tue Jan 07 23:13:20 2025 UTC - 	bytes/sec: 384000
Tue Jan 07 23:13:20 2025 UTC - 	alignment: 8
Tue Jan 07 23:13:20 2025 UTC - 	bits/sample: 32
Tue Jan 07 23:13:20 2025 UTC - 	channel mask: 0x3
Tue Jan 07 23:13:20 2025 UTC - 	data format: {00000003-0000-0010-8000-00AA00389B71}
Tue Jan 07 23:13:20 2025 UTC - Audio hooked
Tue Jan 07 23:13:20 2025 UTC - Audio client started: 0x587CABB0, 1
Tue Jan 07 23:13:21 2025 UTC - Game is using dxgi (dx10/dx11), preparing to hook.
Tue Jan 07 23:13:21 2025 UTC - hookCreateDXGIFactory1 called
Tue Jan 07 23:13:21 2025 UTC - Hooking vtable for factory
Tue Jan 07 23:13:21 2025 UTC - DXGIFactory2_CreateSwapChain already hooked via IDXGIFactory or IDXGIFactory1
Tue Jan 07 23:13:25 2025 UTC - Trying to setup input hook...
Tue Jan 07 23:13:25 2025 UTC - Set input hook...
Tue Jan 07 23:13:50 2025 UTC - OpenGL version: 4.6 (4.6.0 NVIDIA 566.36) compatibility (overlay will use fixed function)
Tue Jan 07 23:13:50 2025 UTC - OpenGL version is >= 3.1
Tue Jan 07 23:13:50 2025 UTC - OpenGL Enabled LOD bias
Tue Jan 07 23:13:50 2025 UTC - Texture units detected: 4
Tue Jan 07 23:13:50 2025 UTC - Missing texture: 2702 which was used in DrawTexturedRect()
Tue Jan 07 23:13:50 2025 UTC - Missing texture: 2702 which was used in DrawTexturedRect()
Tue Jan 07 23:14:07 2025 UTC - IAudioClient_Initialize - SUCCEEDED
Tue Jan 07 23:14:07 2025 UTC - Audio client initialized: 0x8E3B1178
Tue Jan 07 23:14:07 2025 UTC - Device:
Tue Jan 07 23:14:07 2025 UTC - Audio client mix format:
Tue Jan 07 23:14:07 2025 UTC - 	format: 65534
Tue Jan 07 23:14:07 2025 UTC - 	channels: 2
Tue Jan 07 23:14:07 2025 UTC - 	samples/sec: 44100
Tue Jan 07 23:14:07 2025 UTC - 	bytes/sec: 352800
Tue Jan 07 23:14:07 2025 UTC - 	alignment: 8
Tue Jan 07 23:14:07 2025 UTC - 	bits/sample: 32
Tue Jan 07 23:14:07 2025 UTC - 	channel mask: 0x3
Tue Jan 07 23:14:07 2025 UTC - 	data format: {00000003-0000-0010-8000-00AA00389B71}
Tue Jan 07 23:14:07 2025 UTC - Audio client started: 0x8E3B1178, 2
Tue Jan 07 23:14:08 2025 UTC - GameOverlayRenderer.dll detaching
Tue Jan 07 23:14:08 2025 UTC - Detaching input hook...
